0 info it worked if it ends with ok
1 verbose cli [ '/usr/local/opt/nvm/versions/node/v5.10.1/bin/node',
1 verbose cli   '/usr/local/opt/nvm/versions/node/v5.10.1/bin/npm',
1 verbose cli   'publish' ]
2 info using npm@3.8.3
3 info using node@v5.10.1
4 verbose publish [ '.' ]
5 silly cache add args [ '.', null ]
6 verbose cache add spec .
7 silly cache add parsed spec Result {
7 silly cache add   raw: '.',
7 silly cache add   scope: null,
7 silly cache add   name: null,
7 silly cache add   rawSpec: '.',
7 silly cache add   spec: '/Users/kjanoudi/Sites/skipstone/meta',
7 silly cache add   type: 'directory' }
8 verbose addLocalDirectory /Users/kjanoudi/.npm/@skipstone/meta/0.0.2/package.tgz not in flight; packing
9 verbose correctMkdir /Users/kjanoudi/.npm correctMkdir not in flight; initializing
10 info lifecycle @skipstone/meta@0.0.2~prepublish: @skipstone/meta@0.0.2
11 verbose lifecycle @skipstone/meta@0.0.2~prepublish: unsafe-perm in lifecycle true
12 verbose lifecycle @skipstone/meta@0.0.2~prepublish: PATH: /usr/local/opt/nvm/versions/node/v5.10.1/lib/node_modules/npm/bin/node-gyp-bin:/Users/kjanoudi/Sites/skipstone/meta/node_modules/.bin:/usr/local/opt/nvm/versions/node/v5.10.1/bin:/usr/local/opt/nvm/versions/node/v5.10.1/bin:/Users/kjanoudi/.rbenv/shims:/usr/local/bin:/usr/local/sbin:/usr/bin:/bin:/usr/sbin:/sbin
13 verbose lifecycle @skipstone/meta@0.0.2~prepublish: CWD: /Users/kjanoudi/Sites/skipstone/meta
14 silly lifecycle @skipstone/meta@0.0.2~prepublish: Args: [ '-c', 'npm test && npm run build' ]
15 silly lifecycle @skipstone/meta@0.0.2~prepublish: Returned: code: 0  signal: null
16 verbose tar pack [ '/Users/kjanoudi/.npm/@skipstone/meta/0.0.2/package.tgz',
16 verbose tar pack   '/Users/kjanoudi/Sites/skipstone/meta' ]
17 verbose tarball /Users/kjanoudi/.npm/@skipstone/meta/0.0.2/package.tgz
18 verbose folder /Users/kjanoudi/Sites/skipstone/meta
19 verbose addLocalTarball adding from inside cache /Users/kjanoudi/.npm/@skipstone/meta/0.0.2/package.tgz
20 verbose correctMkdir /Users/kjanoudi/.npm correctMkdir not in flight; initializing
21 silly cache afterAdd @skipstone/meta@0.0.2
22 verbose afterAdd /Users/kjanoudi/.npm/@skipstone/meta/0.0.2/package/package.json not in flight; writing
23 verbose correctMkdir /Users/kjanoudi/.npm correctMkdir not in flight; initializing
24 verbose afterAdd /Users/kjanoudi/.npm/@skipstone/meta/0.0.2/package/package.json written
25 silly publish { name: '@skipstone/meta',
25 silly publish   version: '0.0.2',
25 silly publish   description: '',
25 silly publish   main: 'dist/index.js',
25 silly publish   scripts:
25 silly publish    { lint: 'standard src',
25 silly publish      prebuild: 'rm -rf dist',
25 silly publish      build: 'babel -d dist/ src/',
25 silly publish      prepublish: 'npm test && npm run build',
25 silly publish      test: 'npm run lint; mocha spec --compilers js:babel-register' },
25 silly publish   devDependencies:
25 silly publish    { 'babel-cli': '^6.9.0',
25 silly publish      'babel-eslint': '^6.0.4',
25 silly publish      'babel-preset-es2015': '^6.9.0',
25 silly publish      'babel-preset-stage-0': '^6.5.0',
25 silly publish      expect: '^1.20.1',
25 silly publish      'jsx-control-statements': '^3.1.2',
25 silly publish      mocha: '^2.4.5',
25 silly publish      standard: '^7.1.0' },
25 silly publish   author: '',
25 silly publish   license: 'ISC',
25 silly publish   babel: { presets: [ 'es2015', 'stage-1' ] },
25 silly publish   standard:
25 silly publish    { globals: [ '$', 'beforeEach', 'describe', 'If', 'it', 'Else' ],
25 silly publish      parser: 'babel-eslint' },
25 silly publish   readme: '# meta\n',
25 silly publish   readmeFilename: 'README.md',
25 silly publish   gitHead: '2a1bea1658fb534ece80b503f5571cfd564cc668',
25 silly publish   _id: '@skipstone/meta@0.0.2',
25 silly publish   _shasum: '5fcd34dda8d05aab1363fd5211d0c9d10908bf0f',
25 silly publish   _from: '.' }
26 verbose getPublishConfig undefined
27 silly mapToRegistry name @skipstone/meta
28 silly mapToRegistry scope (from package name) @skipstone
29 verbose mapToRegistry no registry URL found in name for scope @skipstone
30 silly mapToRegistry using default registry
31 silly mapToRegistry registry https://registry.npmjs.org/
32 silly mapToRegistry data Result {
32 silly mapToRegistry   raw: '@skipstone/meta',
32 silly mapToRegistry   scope: '@skipstone',
32 silly mapToRegistry   name: '@skipstone/meta',
32 silly mapToRegistry   rawSpec: '',
32 silly mapToRegistry   spec: 'latest',
32 silly mapToRegistry   type: 'tag' }
33 silly mapToRegistry uri https://registry.npmjs.org/@skipstone%2fmeta
34 verbose publish registryBase https://registry.npmjs.org/
35 silly publish uploading /Users/kjanoudi/.npm/@skipstone/meta/0.0.2/package.tgz
36 verbose request uri https://registry.npmjs.org/@skipstone%2fmeta
37 verbose request sending authorization for write operation
38 info attempt registry request try #1 at 5:33:29 PM
39 verbose request using bearer token for auth
40 verbose request id 73d221dbe91036a7
41 http request PUT https://registry.npmjs.org/@skipstone%2fmeta
42 http 403 https://registry.npmjs.org/@skipstone%2fmeta
43 verbose headers { 'content-type': 'application/json',
43 verbose headers   'cache-control': 'max-age=0',
43 verbose headers   'content-length': '95',
43 verbose headers   'accept-ranges': 'bytes',
43 verbose headers   date: 'Mon, 13 Jun 2016 21:33:31 GMT',
43 verbose headers   via: '1.1 varnish',
43 verbose headers   connection: 'keep-alive',
43 verbose headers   'x-served-by': 'cache-ord1729-ORD',
43 verbose headers   'x-cache': 'MISS',
43 verbose headers   'x-cache-hits': '0',
43 verbose headers   'x-timer': 'S1465853609.962027,VS0,VE1204' }
44 verbose request invalidating /Users/kjanoudi/.npm/registry.npmjs.org/_40skipstone_252fmeta on PUT
45 error publish Failed PUT 403
46 verbose stack Error: "You cannot publish over the previously published version 0.0.2." : @skipstone/meta
46 verbose stack     at makeError (/usr/local/opt/nvm/versions/node/v5.10.1/lib/node_modules/npm/node_modules/npm-registry-client/lib/request.js:264:12)
46 verbose stack     at CachingRegistryClient.<anonymous> (/usr/local/opt/nvm/versions/node/v5.10.1/lib/node_modules/npm/node_modules/npm-registry-client/lib/request.js:252:14)
46 verbose stack     at Request._callback (/usr/local/opt/nvm/versions/node/v5.10.1/lib/node_modules/npm/node_modules/npm-registry-client/lib/request.js:172:14)
46 verbose stack     at Request.self.callback (/usr/local/opt/nvm/versions/node/v5.10.1/lib/node_modules/npm/node_modules/request/request.js:199:22)
46 verbose stack     at emitTwo (events.js:100:13)
46 verbose stack     at Request.emit (events.js:185:7)
46 verbose stack     at Request.<anonymous> (/usr/local/opt/nvm/versions/node/v5.10.1/lib/node_modules/npm/node_modules/request/request.js:1036:10)
46 verbose stack     at emitOne (events.js:95:20)
46 verbose stack     at Request.emit (events.js:182:7)
46 verbose stack     at IncomingMessage.<anonymous> (/usr/local/opt/nvm/versions/node/v5.10.1/lib/node_modules/npm/node_modules/request/request.js:963:12)
47 verbose statusCode 403
48 verbose pkgid @skipstone/meta
49 verbose cwd /Users/kjanoudi/Sites/skipstone/meta
50 error Darwin 15.5.0
51 error argv "/usr/local/opt/nvm/versions/node/v5.10.1/bin/node" "/usr/local/opt/nvm/versions/node/v5.10.1/bin/npm" "publish"
52 error node v5.10.1
53 error npm  v3.8.3
54 error code E403
55 error "You cannot publish over the previously published version 0.0.2." : @skipstone/meta
56 error If you need help, you may report this error at:
56 error     <https://github.com/npm/npm/issues>
57 verbose exit [ 1, true ]
